<?xml version="1.0" encoding="UTF-8"?>
<testng-results skipped="0" failed="0" total="1" passed="1">
  <reporter-output>
  </reporter-output>
  <suite name="Suite" duration-ms="5078" started-at="2016-07-07T14:17:49Z" finished-at="2016-07-07T14:17:54Z">
    <groups>
    </groups>
    <test name="Test" duration-ms="5078" started-at="2016-07-07T14:17:49Z" finished-at="2016-07-07T14:17:54Z">
      <class name="TestNG.TestNGClass">
        <test-method status="PASS" signature="launchapp()[pri:0, instance:TestNG.TestNGClass@64364224]" name="launchapp" is-config="true" duration-ms="3323" started-at="2016-07-07T22:17:49Z" finished-at="2016-07-07T22:17:52Z">
          <reporter-output>
          </reporter-output>
        </test-method> <!-- launchapp -->
        <test-method status="PASS" signature="baidutest()[pri:0, instance:TestNG.TestNGClass@64364224]" name="baidutest" duration-ms="919" started-at="2016-07-07T22:17:52Z" finished-at="2016-07-07T22:17:53Z">
          <reporter-output>
          </reporter-output>
        </test-method> <!-- baidutest -->
        <test-method status="PASS" signature="terminatetest()[pri:0, instance:TestNG.TestNGClass@64364224]" name="terminatetest" is-config="true" duration-ms="756" started-at="2016-07-07T22:17:53Z" finished-at="2016-07-07T22:17:54Z">
          <reporter-output>
          </reporter-output>
        </test-method> <!-- terminatetest -->
      </class> <!-- TestNG.TestNGClass -->
    </test> <!-- Test -->
  </suite> <!-- Suite -->
</testng-results>
